<?xml version="1.0" encoding="UTF-8"?>
<testsuite name="com.example.exam.ExamApplicationTests" tests="1" skipped="0" failures="0" errors="0" timestamp="2025-02-12T21:15:05" hostname="LAPTOP-MIGUEL" time="1.049">
  <properties/>
  <testcase name="contextLoads()" classname="com.example.exam.ExamApplicationTests" time="1.049"/>
  <system-out><![CDATA[15:15:03.268 [Test worker] INFO org.springframework.test.context.support.AnnotationConfigContextLoaderUtils -- Could not detect default configuration classes for test class [com.example.exam.ExamApplicationTests]: ExamApplicationTests does not declare any static, non-private, non-final, nested classes annotated with @Configuration.
15:15:03.433 [Test worker] INFO org.springframework.boot.test.context.SpringBootTestContextBootstrapper -- Found @SpringBootConfiguration com.example.exam.ExamApplication for test class com.example.exam.ExamApplicationTests

  .   ____          _            __ _ _
 /\\ / ___'_ __ _ _(_)_ __  __ _ \ \ \ \
( ( )\___ | '_ | '_| | '_ \/ _` | \ \ \ \
 \\/  ___)| |_)| | | | | || (_| |  ) ) ) )
  '  |____| .__|_| |_|_| |_\__, | / / / /
 =========|_|==============|___/=/_/_/_/

 :: Spring Boot ::                (v3.4.2)

2025-02-12T15:15:04.053-06:00  INFO 10036 --- [exam] [    Test worker] com.example.exam.ExamApplicationTests    : Starting ExamApplicationTests using Java 17.0.2 with PID 10036 (started by Miguel Angel Salinas in C:\Users\Miguel Angel Salinas\springboot\exam)
2025-02-12T15:15:04.055-06:00  INFO 10036 --- [exam] [    Test worker] com.example.exam.ExamApplicationTests    : No active profile set, falling back to 1 default profile: "default"
2025-02-12T15:15:05.737-06:00  INFO 10036 --- [exam] [    Test worker] com.example.exam.ExamApplicationTests    : Started ExamApplicationTests in 2.088 seconds (process running for 3.64)
]]></system-out>
  <system-err><![CDATA[]]></system-err>
</testsuite>
